Enter Inputs, the first of which must be an Integer: Output: 2
Output: 6
Execution halted.
Enter Inputs, the first of which must be an Integer: Output: 2
Output: d
Execution halted.
Enter Inputs, the first of which must be an Integer: Output: 3
Output: c
Execution halted.
Enter Inputs, the first of which must be an Integer: Output: 8
Output: a
Output: a
Output: 1
Output: a
Execution halted.
Enter Inputs, the first of which must be an Integer: Output: b
Output: 8
Output: e
Output: 0
Execution halted.
Enter Inputs, the first of which must be an Integer: Output: 2
Output: f
Execution halted.
